<?xml version="1.0" encoding="UTF-8"?>
<!-- Generated by org.testng.reporters.JUnitXMLReporter -->
<testsuite ignored="0" hostname="LAPTOP-QSDOH0RR" failures="0" tests="4" name="Default test" time="12.387" errors="0" timestamp="2024-12-25T17:04:46 IST">
  <testcase classname="test.VerifyLoginPage11" name="user_is_on_login_page" time="6.307"/>
  <testcase classname="test.VerifyLoginPage11" name="user_enters_username_and_password" time="0.698"/>
  <testcase classname="test.VerifyLoginPage11" name="click_on_login_button" time="1.196"/>
  <testcase classname="test.VerifyLoginPage11" name="user_is_navigate_to_the_homepage" time="4.153"/>
</testsuite> <!-- Default test -->
