<?xml version="1.0" encoding="UTF-8"?>
<!-- Generated by org.testng.reporters.JUnitXMLReporter -->
<testsuite ignored="0" hostname="LAPTOP-QSDOH0RR" failures="0" tests="3" name="Test" time="18.005" errors="0" timestamp="2025-01-26T15:18:31 IST">
  <testcase classname="com.test.VerifyLoginPage" name="user_enters_username_and_password" time="0.823"/>
  <testcase classname="com.test.VerifyLoginPage" name="click_on_login_button" time="1.001"/>
  <testcase classname="com.test.VerifyLoginPage" name="user_is_navigate_to_the_homepage" time="4.246"/>
</testsuite> <!-- Test -->
