<?xml version="1.0" encoding="UTF-8"?>
<!-- Generated by org.testng.reporters.JUnitXMLReporter -->
<testsuite ignored="0" hostname="LAPTOP-QSDOH0RR" failures="0" tests="4" name="Test1" time="17.697" errors="0" timestamp="2025-01-22T07:50:03 IST">
  <testcase classname="com.test.VerifyLoginPage" name="user_enters_username_and_password" time="0.343"/>
  <testcase classname="com.test.VerifyLoginPage" name="click_on_login_button" time="0.757"/>
  <testcase classname="com.test.VerifyLoginPage" name="user_is_navigate_to_the_homepage" time="5.796"/>
  <testcase classname="com.test.VerifyLoginPage" name="abc" time="0.0">
    <skipped/>
  </testcase> <!-- abc -->
</testsuite> <!-- Test1 -->
